<?xml version="1.0" encoding="UTF-8"?>
<!-- Generated by org.testng.reporters.JUnitReportReporter -->
<testsuite skipped="0" hostname="DESKTOP-QN5PGJA" name="CommonUtils.ApiDemos" tests="1" failures="0" timestamp="03 Feb 2021 09:24:51 GMT" time="1.771" errors="0">
  <testcase name="test" time="1.771" classname="CommonUtils.ApiDemos"/>
</testsuite> <!-- CommonUtils.ApiDemos -->
