<?xml version="1.0" encoding="UTF-8"?>
<!-- Generated by org.testng.reporters.JUnitReportReporter -->
<testsuite skipped="0" hostname="DESKTOP-QN5PGJA" name="testrunner.TestRunnerTest" tests="1" failures="0" timestamp="28 Jan 2021 18:20:53 GMT" time="60.946" errors="0">
  <testcase name="runTestCase" time="60.946" classname="testrunner.TestRunnerTest"/>
</testsuite> <!-- testrunner.TestRunnerTest -->
